Running Gradle task 'assembleDebug'...                          
Invalid depfile: C:\Users\Vikram\Desktop\New folder\nyaya_uday\.dart_tool\flutter_build\a37eece054fcd0bc60cdd62f09c21196\kernel_snapshot_program.d
Invalid depfile: C:\Users\Vikram\Desktop\New folder\nyaya_uday\.dart_tool\flutter_build\a37eece054fcd0bc60cdd62f09c21196\kernel_snapshot_program.d
Error: Couldn't resolve the package 'flutter_gen' in 'package:flutter_gen/gen_l10n/app_localizations.dart'.
lib/main.dart:5:8: Error: Not found: 'package:flutter_gen/gen_l10n/app_localizations.dart'
import 'package:flutter_gen/gen_l10n/app_localizations.dart';
       ^
lib/screens/onboarding/welcome_screen.dart:3:8: Error: Not found: 'package:flutter_gen/gen_l10n/app_localizations.dart'
import 'package:flutter_gen/gen_l10n/app_localizations.dart';
       ^
lib/screens/home/home_screen.dart:3:8: Error: Not found: 'package:flutter_gen/gen_l10n/app_localizations.dart'
import 'package:flutter_gen/gen_l10n/app_localizations.dart';
       ^
lib/screens/onboarding/state_selection_screen.dart:3:8: Error: Not found: 'package:flutter_gen/gen_l10n/app_localizations.dart'
import 'package:flutter_gen/gen_l10n/app_localizations.dart';
       ^
lib/screens/roadmap/roadmap_screen.dart:3:8: Error: Not found: 'package:flutter_gen/gen_l10n/app_localizations.dart'
import 'package:flutter_gen/gen_l10n/app_localizations.dart';
       ^
lib/screens/simulation/case_list_screen.dart:3:8: Error: Not found: 'package:flutter_gen/gen_l10n/app_localizations.dart'
import 'package:flutter_gen/gen_l10n/app_localizations.dart';
       ^
lib/screens/profile/profile_screen.dart:3:8: Error: Not found: 'package:flutter_gen/gen_l10n/app_localizations.dart'
import 'package:flutter_gen/gen_l10n/app_localizations.dart';
       ^
lib/screens/leaderboard/leaderboard_screen.dart:3:8: Error: Not found: 'package:flutter_gen/gen_l10n/app_localizations.dart'
import 'package:flutter_gen/gen_l10n/app_localizations.dart';
       ^
lib/screens/onboarding/education_level_screen.dart:3:8: Error: Not found: 'package:flutter_gen/gen_l10n/app_localizations.dart'
import 'package:flutter_gen/gen_l10n/app_localizations.dart';
       ^
lib/screens/simulation/case_detail_screen.dart:3:8: Error: Not found: 'package:flutter_gen/gen_l10n/app_localizations.dart'
import 'package:flutter_gen/gen_l10n/app_localizations.dart';
       ^
lib/screens/profile/achievements_screen.dart:3:8: Error: Not found: 'package:flutter_gen/gen_l10n/app_localizations.dart'
import 'package:flutter_gen/gen_l10n/app_localizations.dart';
       ^
lib/screens/simulation/result_screen.dart:3:8: Error: Not found: 'package:flutter_gen/gen_l10n/app_localizations.dart'
import 'package:flutter_gen/gen_l10n/app_localizations.dart';
       ^
lib/main.dart:52:15: Error: Not a constant expression.
              AppLocalizations.delegate,
              ^^^^^^^^^^^^^^^^
lib/config/app_theme.dart:116:18: Error: The argument type 'CardTheme' can't be assigned to the parameter type 'CardThemeData?'.
 - 'CardTheme' is from 'package:flutter/src/material/card_theme.dart' ('/C:/src/flutter/packages/flutter/lib/src/material/card_theme.dart').
 - 'CardThemeData' is from 'package:flutter/src/material/card_theme.dart' ('/C:/src/flutter/packages/flutter/lib/src/material/card_theme.dart').
      cardTheme: CardTheme(
                 ^
lib/screens/onboarding/welcome_screen.dart:15:18: Error: The getter 'AppLocalizations' isn't defined for the type 'WelcomeScreen'.
 - 'WelcomeScreen' is from 'package:nyaya_uday/screens/onboarding/welcome_screen.dart' ('lib/screens/onboarding/welcome_screen.dart').
Try correcting the name to the name of an existing getter, or defining a getter or field named 'AppLocalizations'.
    final l10n = AppLocalizations.of(context)!;
                 ^^^^^^^^^^^^^^^^
lib/screens/home/home_screen.dart:27:18: Error: The getter 'AppLocalizations' isn't defined for the type '_HomeScreenState'.
 - '_HomeScreenState' is from 'package:nyaya_uday/screens/home/home_screen.dart' ('lib/screens/home/home_screen.dart').
Try correcting the name to the name of an existing getter, or defining a getter or field named 'AppLocalizations'.
    final l10n = AppLocalizations.of(context)!;
                 ^^^^^^^^^^^^^^^^
lib/screens/home/home_screen.dart:104:18: Error: The getter 'AppLocalizations' isn't defined for the type '_HomeContent'.
 - '_HomeContent' is from 'package:nyaya_uday/screens/home/home_screen.dart' ('lib/screens/home/home_screen.dart').
Try correcting the name to the name of an existing getter, or defining a getter or field named 'AppLocalizations'.
    final l10n = AppLocalizations.of(context)!;
                 ^^^^^^^^^^^^^^^^
lib/screens/onboarding/state_selection_screen.dart:75:18: Error: The getter 'AppLocalizations' isn't defined for the type '_StateSelectionScreenState'.
 - '_StateSelectionScreenState' is from 'package:nyaya_uday/screens/onboarding/state_selection_screen.dart' ('lib/screens/onboarding/state_selection_screen.dart').
Try correcting the name to the name of an existing getter, or defining a getter or field named 'AppLocalizations'.
    final l10n = AppLocalizations.of(context)!;
                 ^^^^^^^^^^^^^^^^
lib/screens/roadmap/roadmap_screen.dart:16:18: Error: The getter 'AppLocalizations' isn't defined for the type 'RoadmapScreen'.
 - 'RoadmapScreen' is from 'package:nyaya_uday/screens/roadmap/roadmap_screen.dart' ('lib/screens/roadmap/roadmap_screen.dart').
Try correcting the name to the name of an existing getter, or defining a getter or field named 'AppLocalizations'.
    final l10n = AppLocalizations.of(context)!;
                 ^^^^^^^^^^^^^^^^
lib/screens/simulation/case_list_screen.dart:30:18: Error: The getter 'AppLocalizations' isn't defined for the type '_CaseListScreenState'.
 - '_CaseListScreenState' is from 'package:nyaya_uday/screens/simulation/case_list_screen.dart' ('lib/screens/simulation/case_list_screen.dart').
Try correcting the name to the name of an existing getter, or defining a getter or field named 'AppLocalizations'.
    final l10n = AppLocalizations.of(context)!;
                 ^^^^^^^^^^^^^^^^
lib/screens/profile/profile_screen.dart:16:18: Error: The getter 'AppLocalizations' isn't defined for the type 'ProfileScreen'.
 - 'ProfileScreen' is from 'package:nyaya_uday/screens/profile/profile_screen.dart' ('lib/screens/profile/profile_screen.dart').
Try correcting the name to the name of an existing getter, or defining a getter or field named 'AppLocalizations'.
    final l10n = AppLocalizations.of(context)!;
                 ^^^^^^^^^^^^^^^^
lib/screens/leaderboard/leaderboard_screen.dart:15:18: Error: The getter 'AppLocalizations' isn't defined for the type 'LeaderboardScreen'.
 - 'LeaderboardScreen' is from 'package:nyaya_uday/screens/leaderboard/leaderboard_screen.dart' ('lib/screens/leaderboard/leaderboard_screen.dart').
Try correcting the name to the name of an existing getter, or defining a getter or field named 'AppLocalizations'.
    final l10n = AppLocalizations.of(context)!;
                 ^^^^^^^^^^^^^^^^
lib/screens/onboarding/education_level_screen.dart:80:18: Error: The getter 'AppLocalizations' isn't defined for the type '_EducationLevelScreenState'.
 - '_EducationLevelScreenState' is from 'package:nyaya_uday/screens/onboarding/education_level_screen.dart' ('lib/screens/onboarding/education_level_screen.dart').
Try correcting the name to the name of an existing getter, or defining a getter or field named 'AppLocalizations'.
    final l10n = AppLocalizations.of(context)!;
                 ^^^^^^^^^^^^^^^^
lib/screens/simulation/case_detail_screen.dart:64:18: Error: The getter 'AppLocalizations' isn't defined for the type '_CaseDetailScreenState'.
 - '_CaseDetailScreenState' is from 'package:nyaya_uday/screens/simulation/case_detail_screen.dart' ('lib/screens/simulation/case_detail_screen.dart').
Try correcting the name to the name of an existing getter, or defining a getter or field named 'AppLocalizations'.
    final l10n = AppLocalizations.of(context)!;
                 ^^^^^^^^^^^^^^^^
lib/screens/profile/achievements_screen.dart:15:18: Error: The getter 'AppLocalizations' isn't defined for the type 'AchievementsScreen'.
 - 'AchievementsScreen' is from 'package:nyaya_uday/screens/profile/achievements_screen.dart' ('lib/screens/profile/achievements_screen.dart').
Try correcting the name to the name of an existing getter, or defining a getter or field named 'AppLocalizations'.
    final l10n = AppLocalizations.of(context)!;
                 ^^^^^^^^^^^^^^^^
lib/screens/simulation/result_screen.dart:21:18: Error: The getter 'AppLocalizations' isn't defined for the type 'ResultScreen'.
 - 'ResultScreen' is from 'package:nyaya_uday/screens/simulation/result_screen.dart' ('lib/screens/simulation/result_screen.dart').
Try correcting the name to the name of an existing getter, or defining a getter or field named 'AppLocalizations'.
    final l10n = AppLocalizations.of(context)!;
                 ^^^^^^^^^^^^^^^^
Unhandled exception:
FileSystemException(uri=org-dartlang-untranslatable-uri:package%3Aflutter_gen%2Fgen_l10n%2Fapp_localizations.dart; message=StandardFileSystem only supports file:* and data:* URIs)
#0      StandardFileSystem.entityForUri (package:front_end/src/api_prototype/standard_file_system.dart:45)
#1      asFileUri (package:vm/kernel_front_end.dart:1008)
#2      writeDepfile (package:vm/kernel_front_end.dart:1171)
<asynchronous suspension>
#3      FrontendCompiler.compile (package:frontend_server/frontend_server.dart:738)
<asynchronous suspension>
#4      starter (package:frontend_server/starter.dart:102)
<asynchronous suspension>
#5      main (file:///C:/b/s/w/ir/x/w/sdk/pkg/frontend_server/bin/frontend_server_starter.dart:13)
<asynchronous suspension>

Target kernel_snapshot_program failed: Exception


FAILURE: Build failed with an exception.

* What went wrong:
Execution failed for task ':app:compileFlutterBuildDebug'.
> Process 'command 'C:\src\flutter\bin\flutter.bat'' finished with non-zero exit value 1

* Try:
> Run with --stacktrace option to get the stack trace.
> Run with --info or --debug option to get more log output.
> Run with --scan to get full insights.
> Get more help at https://help.gradle.org.

BUILD FAILED in 18s
Running Gradle task 'assembleDebug'...                             18.6s
Gradle task assembleDebug failed with exit code 1
